Using pre-set license
Built from '2020.3/staging' branch; Version is '2020.3.6f1 (338bb68529b2) revision 3378102'; Using compiler version '192528614'; Build Type 'Release'
OS: 'Windows 10 Pro; OS build 18362.356; Version 1903; 64bit' Language: 'en' Physical Memory: 16333 MB
BatchMode: 1, IsHumanControllingUs: 0, StartBugReporterOnCrash: 0, Is64bit: 1, IsPro: 0

 COMMAND LINE ARGUMENTS:
D:\Installed Applications\Unity\Editor\Unity 2020.3.6\Editor\Unity.exe
-adb2
-batchMode
-noUpm
-name
AssetImportWorker0
-projectPath
D:/Previous Projects/Unity Projects/Unity Projects/Mobile Testgame/testgame
-logFile
Logs/AssetImportWorker0.log
-srvPort
56143
Successfully changed project path to: D:/Previous Projects/Unity Projects/Unity Projects/Mobile Testgame/testgame
D:/Previous Projects/Unity Projects/Unity Projects/Mobile Testgame/testgame
Using Asset Import Pipeline V2.
Refreshing native plugins compatible for Editor in 29.56 ms, found 0 plugins.
Preloading 0 native plugins for Editor in 0.00 ms.
Initialize engine version: 2020.3.6f1 (338bb68529b2)
[Subsystems] Discovering subsystems at path D:/Installed Applications/Unity/Editor/Unity 2020.3.6/Editor/Data/Resources/UnitySubsystems
[Subsystems] Discovering subsystems at path D:/Previous Projects/Unity Projects/Unity Projects/Mobile Testgame/testgame/Assets
GfxDevice: creating device client; threaded=0
Direct3D:
    Version:  Direct3D 11.0 [level 11.1]
    Renderer: NVIDIA GeForce GTX 1660 Ti (ID=0x2182)
    Vendor:   
    VRAM:     5991 MB
    Driver:   27.21.14.6192
Initialize mono
Mono path[0] = 'D:/Installed Applications/Unity/Editor/Unity 2020.3.6/Editor/Data/Managed'
Mono path[1] = 'D:/Installed Applications/Unity/Editor/Unity 2020.3.6/Editor/Data/MonoBleedingEdge/lib/mono/unityjit'
Mono config path = 'D:/Installed Applications/Unity/Editor/Unity 2020.3.6/Editor/Data/MonoBleedingEdge/etc'
Using monoOptions --debugger-agent=transport=dt_socket,embedding=1,server=y,suspend=n,address=127.0.0.1:56024
Begin MonoManager ReloadAssembly
Registering precompiled unity dll's ...
Register platform support module: D:/Installed Applications/Unity/Editor/Unity 2020.3.6/Editor/Data/PlaybackEngines/WindowsStandaloneSupport/UnityEditor.WindowsStandalone.Extensions.dll
Registered in 0.095090 seconds.
Native extension for WindowsStandalone target not found
Refreshing native plugins compatible for Editor in 23.79 ms, found 0 plugins.
Preloading 0 native plugins for Editor in 0.00 ms.
Mono: successfully reloaded assembly
- Completed reload, in  2.760 seconds
Platform modules already initialized, skipping
Registering precompiled user dll's ...
Registered in 0.046449 seconds.
Begin MonoManager ReloadAssembly
Native extension for WindowsStandalone target not found
Refreshing native plugins compatible for Editor in 0.25 ms, found 0 plugins.
Preloading 0 native plugins for Editor in 0.00 ms.
Mono: successfully reloaded assembly
- Completed reload, in  1.689 seconds
Platform modules already initialized, skipping
========================================================================
Worker process is ready to serve import requests
Launched and connected shader compiler UnityShaderCompiler.exe after 0.12 seconds
Refreshing native plugins compatible for Editor in 0.27 ms, found 0 plugins.
Preloading 0 native plugins for Editor in 0.00 ms.
Unloading 1269 Unused Serialized files (Serialized files now loaded: 0)
System memory in use before: 77.7 MB.
System memory in use after: 77.8 MB.

Unloading 10 unused Assets to reduce memory usage. Loaded Objects now: 1734.
Total: 1.871000 ms (FindLiveObjects: 0.156700 ms CreateObjectMapping: 0.032900 ms MarkObjects: 1.613700 ms  DeleteObjects: 0.066600 ms)

========================================================================
Received Import Request.
  path: Assets/Supercyan Character Pack Zombie Sample/Prefabs/Base
  artifactKey: Guid(ff96ec8e6bf101c4289d8e01213f420b) Importer(815301076,1909f56bfc062723c751e8b465ee728b)
Start importing Assets/Supercyan Character Pack Zombie Sample/Prefabs/Base using Guid(ff96ec8e6bf101c4289d8e01213f420b) Importer(815301076,1909f56bfc062723c751e8b465ee728b)  -> (artifact id: '6b0fb1a285c98ce4b984e74af672ed4a') in 0.046790 seconds
  Import took 0.062921 seconds .

========================================================================
Received Import Request.
  Time since last request: 6.138684 seconds.
  path: Assets/Supercyan Character Pack Zombie Sample/Prefabs/Base/Mobile
  artifactKey: Guid(795770296542fe340afe4994384ca9ee) Importer(815301076,1909f56bfc062723c751e8b465ee728b)
Start importing Assets/Supercyan Character Pack Zombie Sample/Prefabs/Base/Mobile using Guid(795770296542fe340afe4994384ca9ee) Importer(815301076,1909f56bfc062723c751e8b465ee728b)  -> (artifact id: 'd3f1f631093d6956aef957ace1b3cba9') in 0.032079 seconds
  Import took 0.034062 seconds .

========================================================================
Received Import Request.
  Time since last request: 0.050968 seconds.
  path: Assets/Supercyan Character Pack Zombie Sample/Prefabs/Base/Mobile/MobileFreeZombie.prefab
  artifactKey: Guid(e45a69c421144304c8d8176026d3fd7b) Importer(815301076,1909f56bfc062723c751e8b465ee728b)
Start importing Assets/Supercyan Character Pack Zombie Sample/Prefabs/Base/Mobile/MobileFreeZombie.prefab using Guid(e45a69c421144304c8d8176026d3fd7b) Importer(815301076,1909f56bfc062723c751e8b465ee728b)  -> (artifact id: '17a7ca4b6ddf8a46e9655523e1d10a66') in 0.186780 seconds
  Import took 0.189178 seconds .

========================================================================
Received Import Request.
  Time since last request: 144.235967 seconds.
  path: Assets/Scripts/EnemyController.cs
  artifactKey: Guid(e2b477c0d784c3c4f8ee2a91ad6064ff) Importer(815301076,1909f56bfc062723c751e8b465ee728b)
Start importing Assets/Scripts/EnemyController.cs using Guid(e2b477c0d784c3c4f8ee2a91ad6064ff) Importer(815301076,1909f56bfc062723c751e8b465ee728b)  -> (artifact id: '1fef28dd6812eca1efe16215acfcf10a') in 0.007113 seconds
  Import took 0.009350 seconds .

========================================================================
Received Prepare
Registering precompiled user dll's ...
Registered in 0.000490 seconds.
Begin MonoManager ReloadAssembly
Native extension for WindowsStandalone target not found
Refreshing native plugins compatible for Editor in 0.26 ms, found 0 plugins.
Preloading 0 native plugins for Editor in 0.00 ms.
Mono: successfully reloaded assembly
- Completed reload, in  0.645 seconds
Platform modules already initialized, skipping
Refreshing native plugins compatible for Editor in 0.30 ms, found 0 plugins.
Preloading 0 native plugins for Editor in 0.00 ms.
Unloading 1260 Unused Serialized files (Serialized files now loaded: 0)
System memory in use before: 93.9 MB.
System memory in use after: 94.0 MB.

Unloading 5 unused Assets to reduce memory usage. Loaded Objects now: 1746.
Total: 1.534800 ms (FindLiveObjects: 0.180900 ms CreateObjectMapping: 0.029900 ms MarkObjects: 1.310400 ms  DeleteObjects: 0.012200 ms)

========================================================================
Received Prepare
Registering precompiled user dll's ...
Registered in 0.000418 seconds.
Begin MonoManager ReloadAssembly
Native extension for WindowsStandalone target not found
Refreshing native plugins compatible for Editor in 0.25 ms, found 0 plugins.
Preloading 0 native plugins for Editor in 0.00 ms.
Mono: successfully reloaded assembly
- Completed reload, in  0.632 seconds
Platform modules already initialized, skipping
Refreshing native plugins compatible for Editor in 0.26 ms, found 0 plugins.
Preloading 0 native plugins for Editor in 0.00 ms.
Unloading 1260 Unused Serialized files (Serialized files now loaded: 0)
System memory in use before: 93.9 MB.
System memory in use after: 94.0 MB.

Unloading 5 unused Assets to reduce memory usage. Loaded Objects now: 1749.
Total: 1.640100 ms (FindLiveObjects: 0.176800 ms CreateObjectMapping: 0.029300 ms MarkObjects: 1.417200 ms  DeleteObjects: 0.015700 ms)

========================================================================
Received Prepare
Registering precompiled user dll's ...
Registered in 0.000471 seconds.
Begin MonoManager ReloadAssembly
Native extension for WindowsStandalone target not found
Refreshing native plugins compatible for Editor in 0.25 ms, found 0 plugins.
Preloading 0 native plugins for Editor in 0.00 ms.
Mono: successfully reloaded assembly
- Completed reload, in  0.621 seconds
Platform modules already initialized, skipping
Refreshing native plugins compatible for Editor in 0.25 ms, found 0 plugins.
Preloading 0 native plugins for Editor in 0.00 ms.
Unloading 1260 Unused Serialized files (Serialized files now loaded: 0)
System memory in use before: 93.9 MB.
System memory in use after: 94.0 MB.

Unloading 5 unused Assets to reduce memory usage. Loaded Objects now: 1752.
Total: 1.608000 ms (FindLiveObjects: 0.160300 ms CreateObjectMapping: 0.026600 ms MarkObjects: 1.404800 ms  DeleteObjects: 0.015600 ms)

========================================================================
Received Import Request.
  Time since last request: 375.778165 seconds.
  path: Assets/Scripts/PlayerManager.cs
  artifactKey: Guid(242aec86ca59dcc419184ade9a1d489e) Importer(815301076,1909f56bfc062723c751e8b465ee728b)
Start importing Assets/Scripts/PlayerManager.cs using Guid(242aec86ca59dcc419184ade9a1d489e) Importer(815301076,1909f56bfc062723c751e8b465ee728b)  -> (artifact id: 'd205e3ce01da75de988f876557bed3be') in 0.007260 seconds
  Import took 0.009384 seconds .

========================================================================
Received Prepare
Registering precompiled user dll's ...
Registered in 0.000408 seconds.
Begin MonoManager ReloadAssembly
Native extension for WindowsStandalone target not found
Refreshing native plugins compatible for Editor in 0.25 ms, found 0 plugins.
Preloading 0 native plugins for Editor in 0.00 ms.
Mono: successfully reloaded assembly
- Completed reload, in  0.615 seconds
Platform modules already initialized, skipping
Refreshing native plugins compatible for Editor in 0.26 ms, found 0 plugins.
Preloading 0 native plugins for Editor in 0.00 ms.
Unloading 1261 Unused Serialized files (Serialized files now loaded: 0)
System memory in use before: 94.0 MB.
System memory in use after: 94.1 MB.

Unloading 5 unused Assets to reduce memory usage. Loaded Objects now: 1756.
Total: 1.488100 ms (FindLiveObjects: 0.163000 ms CreateObjectMapping: 0.027500 ms MarkObjects: 1.286700 ms  DeleteObjects: 0.010200 ms)

========================================================================
Received Import Request.
  Time since last request: 10.789238 seconds.
  path: Assets/Scripts/AI Scripts
  artifactKey: Guid(73c639f0cf629f245b8588aa3a617619) Importer(815301076,1909f56bfc062723c751e8b465ee728b)
Start importing Assets/Scripts/AI Scripts using Guid(73c639f0cf629f245b8588aa3a617619) Importer(815301076,1909f56bfc062723c751e8b465ee728b)  -> (artifact id: 'bd12a47c33e0a6772df83725f2b81acb') in 0.008781 seconds
  Import took 0.010915 seconds .

========================================================================
Received Import Request.
  Time since last request: 2.562886 seconds.
  path: Assets/Scripts/EnemyController.cs
  artifactKey: Guid(e2b477c0d784c3c4f8ee2a91ad6064ff) Importer(815301076,1909f56bfc062723c751e8b465ee728b)
Start importing Assets/Scripts/EnemyController.cs using Guid(e2b477c0d784c3c4f8ee2a91ad6064ff) Importer(815301076,1909f56bfc062723c751e8b465ee728b)  -> (artifact id: '4c6c06cef8c1fda1a2b0eed7cb7089a0') in 0.005129 seconds
  Import took 0.007456 seconds .

========================================================================
Received Prepare
Registering precompiled user dll's ...
Registered in 0.000395 seconds.
Begin MonoManager ReloadAssembly
Native extension for WindowsStandalone target not found
Refreshing native plugins compatible for Editor in 0.26 ms, found 0 plugins.
Preloading 0 native plugins for Editor in 0.00 ms.
Mono: successfully reloaded assembly
- Completed reload, in  0.630 seconds
Platform modules already initialized, skipping
Refreshing native plugins compatible for Editor in 0.26 ms, found 0 plugins.
Preloading 0 native plugins for Editor in 0.00 ms.
Unloading 1261 Unused Serialized files (Serialized files now loaded: 0)
System memory in use before: 94.0 MB.
System memory in use after: 94.1 MB.

Unloading 5 unused Assets to reduce memory usage. Loaded Objects now: 1759.
Total: 1.636600 ms (FindLiveObjects: 0.224000 ms CreateObjectMapping: 0.027100 ms MarkObjects: 1.370900 ms  DeleteObjects: 0.013800 ms)

========================================================================
Received Prepare
Registering precompiled user dll's ...
Registered in 0.000471 seconds.
Begin MonoManager ReloadAssembly
Native extension for WindowsStandalone target not found
Refreshing native plugins compatible for Editor in 0.25 ms, found 0 plugins.
Preloading 0 native plugins for Editor in 0.00 ms.
Mono: successfully reloaded assembly
- Completed reload, in  0.619 seconds
Platform modules already initialized, skipping
Refreshing native plugins compatible for Editor in 0.25 ms, found 0 plugins.
Preloading 0 native plugins for Editor in 0.00 ms.
Unloading 1261 Unused Serialized files (Serialized files now loaded: 0)
System memory in use before: 94.0 MB.
System memory in use after: 94.1 MB.

Unloading 5 unused Assets to reduce memory usage. Loaded Objects now: 1762.
Total: 1.566700 ms (FindLiveObjects: 0.179600 ms CreateObjectMapping: 0.035100 ms MarkObjects: 1.340600 ms  DeleteObjects: 0.010500 ms)

========================================================================
Received Prepare
Registering precompiled user dll's ...
Registered in 0.000507 seconds.
Begin MonoManager ReloadAssembly
Native extension for WindowsStandalone target not found
Refreshing native plugins compatible for Editor in 0.27 ms, found 0 plugins.
Preloading 0 native plugins for Editor in 0.00 ms.
Mono: successfully reloaded assembly
- Completed reload, in  0.626 seconds
Platform modules already initialized, skipping
Refreshing native plugins compatible for Editor in 0.32 ms, found 0 plugins.
Preloading 0 native plugins for Editor in 0.00 ms.
Unloading 1261 Unused Serialized files (Serialized files now loaded: 0)
System memory in use before: 94.0 MB.
System memory in use after: 94.1 MB.

Unloading 5 unused Assets to reduce memory usage. Loaded Objects now: 1765.
Total: 1.496200 ms (FindLiveObjects: 0.156500 ms CreateObjectMapping: 0.030700 ms MarkObjects: 1.297100 ms  DeleteObjects: 0.010900 ms)

========================================================================
Received Prepare
Registering precompiled user dll's ...
Registered in 0.000504 seconds.
Begin MonoManager ReloadAssembly
Native extension for WindowsStandalone target not found
Refreshing native plugins compatible for Editor in 0.25 ms, found 0 plugins.
Preloading 0 native plugins for Editor in 0.00 ms.
Mono: successfully reloaded assembly
- Completed reload, in  0.609 seconds
Platform modules already initialized, skipping
Refreshing native plugins compatible for Editor in 0.26 ms, found 0 plugins.
Preloading 0 native plugins for Editor in 0.00 ms.
Unloading 1261 Unused Serialized files (Serialized files now loaded: 0)
System memory in use before: 94.0 MB.
System memory in use after: 94.1 MB.

Unloading 5 unused Assets to reduce memory usage. Loaded Objects now: 1768.
Total: 1.583700 ms (FindLiveObjects: 0.181100 ms CreateObjectMapping: 0.028400 ms MarkObjects: 1.362500 ms  DeleteObjects: 0.010600 ms)

========================================================================
Received Prepare
Registering precompiled user dll's ...
Registered in 0.000468 seconds.
Begin MonoManager ReloadAssembly
Native extension for WindowsStandalone target not found
Refreshing native plugins compatible for Editor in 0.26 ms, found 0 plugins.
Preloading 0 native plugins for Editor in 0.00 ms.
Mono: successfully reloaded assembly
- Completed reload, in  0.613 seconds
Platform modules already initialized, skipping
Refreshing native plugins compatible for Editor in 0.25 ms, found 0 plugins.
Preloading 0 native plugins for Editor in 0.00 ms.
Unloading 1261 Unused Serialized files (Serialized files now loaded: 0)
System memory in use before: 94.0 MB.
System memory in use after: 94.1 MB.

Unloading 5 unused Assets to reduce memory usage. Loaded Objects now: 1771.
Total: 1.614800 ms (FindLiveObjects: 0.168000 ms CreateObjectMapping: 0.027700 ms MarkObjects: 1.402800 ms  DeleteObjects: 0.015600 ms)

========================================================================
Received Prepare
Registering precompiled user dll's ...
Registered in 0.000473 seconds.
Begin MonoManager ReloadAssembly
Native extension for WindowsStandalone target not found
Refreshing native plugins compatible for Editor in 0.25 ms, found 0 plugins.
Preloading 0 native plugins for Editor in 0.00 ms.
Mono: successfully reloaded assembly
- Completed reload, in  0.605 seconds
Platform modules already initialized, skipping
Refreshing native plugins compatible for Editor in 0.25 ms, found 0 plugins.
Preloading 0 native plugins for Editor in 0.00 ms.
Unloading 1261 Unused Serialized files (Serialized files now loaded: 0)
System memory in use before: 94.0 MB.
System memory in use after: 94.1 MB.

Unloading 5 unused Assets to reduce memory usage. Loaded Objects now: 1774.
Total: 1.507600 ms (FindLiveObjects: 0.161800 ms CreateObjectMapping: 0.027900 ms MarkObjects: 1.306700 ms  DeleteObjects: 0.010400 ms)

========================================================================
Received Prepare
Registering precompiled user dll's ...
Registered in 0.000435 seconds.
Begin MonoManager ReloadAssembly
Native extension for WindowsStandalone target not found
Refreshing native plugins compatible for Editor in 0.26 ms, found 0 plugins.
Preloading 0 native plugins for Editor in 0.00 ms.
Mono: successfully reloaded assembly
- Completed reload, in  0.599 seconds
Platform modules already initialized, skipping
Refreshing native plugins compatible for Editor in 0.26 ms, found 0 plugins.
Preloading 0 native plugins for Editor in 0.00 ms.
Unloading 1261 Unused Serialized files (Serialized files now loaded: 0)
System memory in use before: 94.0 MB.
System memory in use after: 94.1 MB.

Unloading 5 unused Assets to reduce memory usage. Loaded Objects now: 1777.
Total: 1.490200 ms (FindLiveObjects: 0.153900 ms CreateObjectMapping: 0.029600 ms MarkObjects: 1.294200 ms  DeleteObjects: 0.011500 ms)

========================================================================
Received Prepare
Registering precompiled user dll's ...
Registered in 0.000392 seconds.
Begin MonoManager ReloadAssembly
Native extension for WindowsStandalone target not found
Refreshing native plugins compatible for Editor in 0.25 ms, found 0 plugins.
Preloading 0 native plugins for Editor in 0.00 ms.
Mono: successfully reloaded assembly
- Completed reload, in  0.613 seconds
Platform modules already initialized, skipping
Refreshing native plugins compatible for Editor in 0.25 ms, found 0 plugins.
Preloading 0 native plugins for Editor in 0.00 ms.
Unloading 1261 Unused Serialized files (Serialized files now loaded: 0)
System memory in use before: 94.0 MB.
System memory in use after: 94.1 MB.

Unloading 5 unused Assets to reduce memory usage. Loaded Objects now: 1780.
Total: 1.614300 ms (FindLiveObjects: 0.173500 ms CreateObjectMapping: 0.030700 ms MarkObjects: 1.396500 ms  DeleteObjects: 0.012800 ms)

========================================================================
Received Prepare
Registering precompiled user dll's ...
Registered in 0.000454 seconds.
Begin MonoManager ReloadAssembly
Native extension for WindowsStandalone target not found
Refreshing native plugins compatible for Editor in 0.26 ms, found 0 plugins.
Preloading 0 native plugins for Editor in 0.00 ms.
Mono: successfully reloaded assembly
- Completed reload, in  0.603 seconds
Platform modules already initialized, skipping
Refreshing native plugins compatible for Editor in 0.25 ms, found 0 plugins.
Preloading 0 native plugins for Editor in 0.00 ms.
Unloading 1261 Unused Serialized files (Serialized files now loaded: 0)
System memory in use before: 94.0 MB.
System memory in use after: 94.1 MB.

Unloading 5 unused Assets to reduce memory usage. Loaded Objects now: 1783.
Total: 1.852700 ms (FindLiveObjects: 0.250600 ms CreateObjectMapping: 0.029400 ms MarkObjects: 1.501600 ms  DeleteObjects: 0.015200 ms)

========================================================================
Received Prepare
Registering precompiled user dll's ...
Registered in 0.000427 seconds.
Begin MonoManager ReloadAssembly
Native extension for WindowsStandalone target not found
Refreshing native plugins compatible for Editor in 0.25 ms, found 0 plugins.
Preloading 0 native plugins for Editor in 0.00 ms.
Mono: successfully reloaded assembly
- Completed reload, in  0.600 seconds
Platform modules already initialized, skipping
Refreshing native plugins compatible for Editor in 0.25 ms, found 0 plugins.
Preloading 0 native plugins for Editor in 0.00 ms.
Unloading 1261 Unused Serialized files (Serialized files now loaded: 0)
System memory in use before: 94.0 MB.
System memory in use after: 94.1 MB.

Unloading 5 unused Assets to reduce memory usage. Loaded Objects now: 1786.
Total: 1.514400 ms (FindLiveObjects: 0.167600 ms CreateObjectMapping: 0.030400 ms MarkObjects: 1.305200 ms  DeleteObjects: 0.010600 ms)

========================================================================
Received Import Request.
  Time since last request: 2326.693179 seconds.
  path: Assets/Scripts/AI Scripts/EnemyController.cs
  artifactKey: Guid(e2b477c0d784c3c4f8ee2a91ad6064ff) Importer(815301076,1909f56bfc062723c751e8b465ee728b)
Start importing Assets/Scripts/AI Scripts/EnemyController.cs using Guid(e2b477c0d784c3c4f8ee2a91ad6064ff) Importer(815301076,1909f56bfc062723c751e8b465ee728b)  -> (artifact id: '14e352f34c719d9c8670ca6002cd5e66') in 0.007692 seconds
  Import took 0.010108 seconds .

========================================================================
Received Prepare
Registering precompiled user dll's ...
Registered in 0.000445 seconds.
Begin MonoManager ReloadAssembly
Native extension for WindowsStandalone target not found
Refreshing native plugins compatible for Editor in 0.25 ms, found 0 plugins.
Preloading 0 native plugins for Editor in 0.00 ms.
Mono: successfully reloaded assembly
- Completed reload, in  0.623 seconds
Platform modules already initialized, skipping
Refreshing native plugins compatible for Editor in 0.25 ms, found 0 plugins.
Preloading 0 native plugins for Editor in 0.00 ms.
Unloading 1261 Unused Serialized files (Serialized files now loaded: 0)
System memory in use before: 94.0 MB.
System memory in use after: 94.1 MB.

Unloading 5 unused Assets to reduce memory usage. Loaded Objects now: 1789.
Total: 1.639300 ms (FindLiveObjects: 0.171600 ms CreateObjectMapping: 0.027700 ms MarkObjects: 1.424200 ms  DeleteObjects: 0.014900 ms)

========================================================================
Received Prepare
Registering precompiled user dll's ...
Registered in 0.000396 seconds.
Begin MonoManager ReloadAssembly
Native extension for WindowsStandalone target not found
Refreshing native plugins compatible for Editor in 0.26 ms, found 0 plugins.
Preloading 0 native plugins for Editor in 0.00 ms.
Mono: successfully reloaded assembly
- Completed reload, in  0.630 seconds
Platform modules already initialized, skipping
Refreshing native plugins compatible for Editor in 0.26 ms, found 0 plugins.
Preloading 0 native plugins for Editor in 0.00 ms.
Unloading 1261 Unused Serialized files (Serialized files now loaded: 0)
System memory in use before: 94.0 MB.
System memory in use after: 94.1 MB.

Unloading 5 unused Assets to reduce memory usage. Loaded Objects now: 1792.
Total: 1.560600 ms (FindLiveObjects: 0.174700 ms CreateObjectMapping: 0.029000 ms MarkObjects: 1.345000 ms  DeleteObjects: 0.011200 ms)

========================================================================
Received Prepare
Registering precompiled user dll's ...
Registered in 0.000459 seconds.
Begin MonoManager ReloadAssembly
Native extension for WindowsStandalone target not found
Refreshing native plugins compatible for Editor in 0.25 ms, found 0 plugins.
Preloading 0 native plugins for Editor in 0.00 ms.
Mono: successfully reloaded assembly
- Completed reload, in  0.660 seconds
Platform modules already initialized, skipping
Refreshing native plugins compatible for Editor in 0.29 ms, found 0 plugins.
Preloading 0 native plugins for Editor in 0.00 ms.
Unloading 1261 Unused Serialized files (Serialized files now loaded: 0)
System memory in use before: 94.0 MB.
System memory in use after: 94.1 MB.

Unloading 5 unused Assets to reduce memory usage. Loaded Objects now: 1795.
Total: 1.669900 ms (FindLiveObjects: 0.192000 ms CreateObjectMapping: 0.026800 ms MarkObjects: 1.434700 ms  DeleteObjects: 0.015800 ms)

========================================================================
Received Prepare
Registering precompiled user dll's ...
Registered in 0.000453 seconds.
Begin MonoManager ReloadAssembly
Native extension for WindowsStandalone target not found
Refreshing native plugins compatible for Editor in 0.26 ms, found 0 plugins.
Preloading 0 native plugins for Editor in 0.00 ms.
Mono: successfully reloaded assembly
- Completed reload, in  0.619 seconds
Platform modules already initialized, skipping
Refreshing native plugins compatible for Editor in 0.26 ms, found 0 plugins.
Preloading 0 native plugins for Editor in 0.00 ms.
Unloading 1261 Unused Serialized files (Serialized files now loaded: 0)
System memory in use before: 94.0 MB.
System memory in use after: 94.1 MB.

Unloading 5 unused Assets to reduce memory usage. Loaded Objects now: 1798.
Total: 1.555000 ms (FindLiveObjects: 0.159900 ms CreateObjectMapping: 0.028100 ms MarkObjects: 1.355600 ms  DeleteObjects: 0.010500 ms)

========================================================================
Received Prepare
Registering precompiled user dll's ...
Registered in 0.000458 seconds.
Begin MonoManager ReloadAssembly
Native extension for WindowsStandalone target not found
Refreshing native plugins compatible for Editor in 0.29 ms, found 0 plugins.
Preloading 0 native plugins for Editor in 0.00 ms.
Mono: successfully reloaded assembly
- Completed reload, in  0.659 seconds
Platform modules already initialized, skipping
Refreshing native plugins compatible for Editor in 0.26 ms, found 0 plugins.
Preloading 0 native plugins for Editor in 0.00 ms.
Unloading 1261 Unused Serialized files (Serialized files now loaded: 0)
System memory in use before: 94.0 MB.
System memory in use after: 94.1 MB.

Unloading 5 unused Assets to reduce memory usage. Loaded Objects now: 1801.
Total: 1.943600 ms (FindLiveObjects: 0.177900 ms CreateObjectMapping: 0.030700 ms MarkObjects: 1.720400 ms  DeleteObjects: 0.013300 ms)

========================================================================
Received Prepare
Registering precompiled user dll's ...
Registered in 0.000455 seconds.
Begin MonoManager ReloadAssembly
Native extension for WindowsStandalone target not found
Refreshing native plugins compatible for Editor in 0.25 ms, found 0 plugins.
Preloading 0 native plugins for Editor in 0.00 ms.
Mono: successfully reloaded assembly
- Completed reload, in  0.627 seconds
Platform modules already initialized, skipping
Refreshing native plugins compatible for Editor in 0.26 ms, found 0 plugins.
Preloading 0 native plugins for Editor in 0.00 ms.
Unloading 1261 Unused Serialized files (Serialized files now loaded: 0)
System memory in use before: 94.0 MB.
System memory in use after: 94.1 MB.

Unloading 5 unused Assets to reduce memory usage. Loaded Objects now: 1804.
Total: 1.584700 ms (FindLiveObjects: 0.175000 ms CreateObjectMapping: 0.028500 ms MarkObjects: 1.369400 ms  DeleteObjects: 0.010900 ms)

========================================================================
Received Prepare
Registering precompiled user dll's ...
Registered in 0.000446 seconds.
Begin MonoManager ReloadAssembly
Native extension for WindowsStandalone target not found
Refreshing native plugins compatible for Editor in 0.27 ms, found 0 plugins.
Preloading 0 native plugins for Editor in 0.00 ms.
Mono: successfully reloaded assembly
- Completed reload, in  0.626 seconds
Platform modules already initialized, skipping
Refreshing native plugins compatible for Editor in 0.26 ms, found 0 plugins.
Preloading 0 native plugins for Editor in 0.00 ms.
Unloading 1261 Unused Serialized files (Serialized files now loaded: 0)
System memory in use before: 94.0 MB.
System memory in use after: 94.2 MB.

Unloading 5 unused Assets to reduce memory usage. Loaded Objects now: 1807.
Total: 1.661400 ms (FindLiveObjects: 0.224900 ms CreateObjectMapping: 0.028300 ms MarkObjects: 1.391900 ms  DeleteObjects: 0.015400 ms)

========================================================================
Received Prepare
Registering precompiled user dll's ...
Registered in 0.000544 seconds.
Begin MonoManager ReloadAssembly
Native extension for WindowsStandalone target not found
Refreshing native plugins compatible for Editor in 0.26 ms, found 0 plugins.
Preloading 0 native plugins for Editor in 0.00 ms.
Mono: successfully reloaded assembly
- Completed reload, in  0.616 seconds
Platform modules already initialized, skipping
Refreshing native plugins compatible for Editor in 0.28 ms, found 0 plugins.
Preloading 0 native plugins for Editor in 0.00 ms.
Unloading 1261 Unused Serialized files (Serialized files now loaded: 0)
System memory in use before: 94.1 MB.
System memory in use after: 94.2 MB.

Unloading 5 unused Assets to reduce memory usage. Loaded Objects now: 1810.
Total: 1.533600 ms (FindLiveObjects: 0.164900 ms CreateObjectMapping: 0.028000 ms MarkObjects: 1.329000 ms  DeleteObjects: 0.011000 ms)

========================================================================
Received Prepare
Registering precompiled user dll's ...
Registered in 0.000486 seconds.
Begin MonoManager ReloadAssembly
Native extension for WindowsStandalone target not found
Refreshing native plugins compatible for Editor in 0.27 ms, found 0 plugins.
Preloading 0 native plugins for Editor in 0.00 ms.
Mono: successfully reloaded assembly
- Completed reload, in  0.623 seconds
Platform modules already initialized, skipping
Refreshing native plugins compatible for Editor in 0.25 ms, found 0 plugins.
Preloading 0 native plugins for Editor in 0.00 ms.
Unloading 1261 Unused Serialized files (Serialized files now loaded: 0)
System memory in use before: 94.1 MB.
System memory in use after: 94.2 MB.

Unloading 5 unused Assets to reduce memory usage. Loaded Objects now: 1813.
Total: 1.729700 ms (FindLiveObjects: 0.257100 ms CreateObjectMapping: 0.028200 ms MarkObjects: 1.428800 ms  DeleteObjects: 0.014900 ms)

========================================================================
Received Prepare
Registering precompiled user dll's ...
Registered in 0.000398 seconds.
Begin MonoManager ReloadAssembly
Native extension for WindowsStandalone target not found
Refreshing native plugins compatible for Editor in 0.26 ms, found 0 plugins.
Preloading 0 native plugins for Editor in 0.00 ms.
Mono: successfully reloaded assembly
- Completed reload, in  0.605 seconds
Platform modules already initialized, skipping
Refreshing native plugins compatible for Editor in 0.30 ms, found 0 plugins.
Preloading 0 native plugins for Editor in 0.00 ms.
Unloading 1261 Unused Serialized files (Serialized files now loaded: 0)
System memory in use before: 94.1 MB.
System memory in use after: 94.2 MB.

Unloading 5 unused Assets to reduce memory usage. Loaded Objects now: 1816.
Total: 1.810000 ms (FindLiveObjects: 0.191100 ms CreateObjectMapping: 0.028400 ms MarkObjects: 1.575600 ms  DeleteObjects: 0.013700 ms)

========================================================================
Received Prepare
Registering precompiled user dll's ...
Registered in 0.000413 seconds.
Begin MonoManager ReloadAssembly
Native extension for WindowsStandalone target not found
Refreshing native plugins compatible for Editor in 0.25 ms, found 0 plugins.
Preloading 0 native plugins for Editor in 0.00 ms.
Mono: successfully reloaded assembly
- Completed reload, in  0.599 seconds
Platform modules already initialized, skipping
Refreshing native plugins compatible for Editor in 0.25 ms, found 0 plugins.
Preloading 0 native plugins for Editor in 0.00 ms.
Unloading 1261 Unused Serialized files (Serialized files now loaded: 0)
System memory in use before: 94.1 MB.
System memory in use after: 94.2 MB.

Unloading 5 unused Assets to reduce memory usage. Loaded Objects now: 1819.
Total: 1.707300 ms (FindLiveObjects: 0.255300 ms CreateObjectMapping: 0.027600 ms MarkObjects: 1.408400 ms  DeleteObjects: 0.015000 ms)

========================================================================
Received Prepare
Registering precompiled user dll's ...
Registered in 0.000615 seconds.
Begin MonoManager ReloadAssembly
Native extension for WindowsStandalone target not found
Refreshing native plugins compatible for Editor in 0.28 ms, found 0 plugins.
Preloading 0 native plugins for Editor in 0.00 ms.
Mono: successfully reloaded assembly
- Completed reload, in  0.606 seconds
Platform modules already initialized, skipping
Refreshing native plugins compatible for Editor in 0.25 ms, found 0 plugins.
Preloading 0 native plugins for Editor in 0.00 ms.
Unloading 1261 Unused Serialized files (Serialized files now loaded: 0)
System memory in use before: 94.1 MB.
System memory in use after: 94.2 MB.

Unloading 5 unused Assets to reduce memory usage. Loaded Objects now: 1822.
Total: 1.554800 ms (FindLiveObjects: 0.171600 ms CreateObjectMapping: 0.027900 ms MarkObjects: 1.343200 ms  DeleteObjects: 0.011200 ms)

========================================================================
Received Prepare
Registering precompiled user dll's ...
Registered in 0.000401 seconds.
Begin MonoManager ReloadAssembly
Native extension for WindowsStandalone target not found
Refreshing native plugins compatible for Editor in 0.25 ms, found 0 plugins.
Preloading 0 native plugins for Editor in 0.00 ms.
Mono: successfully reloaded assembly
- Completed reload, in  0.615 seconds
Platform modules already initialized, skipping
Refreshing native plugins compatible for Editor in 0.26 ms, found 0 plugins.
Preloading 0 native plugins for Editor in 0.00 ms.
Unloading 1261 Unused Serialized files (Serialized files now loaded: 0)
System memory in use before: 94.1 MB.
System memory in use after: 94.2 MB.

Unloading 5 unused Assets to reduce memory usage. Loaded Objects now: 1825.
Total: 1.675500 ms (FindLiveObjects: 0.183900 ms CreateObjectMapping: 0.031300 ms MarkObjects: 1.443700 ms  DeleteObjects: 0.015900 ms)

========================================================================
Received Prepare
Registering precompiled user dll's ...
Registered in 0.000478 seconds.
Begin MonoManager ReloadAssembly
Native extension for WindowsStandalone target not found
Refreshing native plugins compatible for Editor in 0.25 ms, found 0 plugins.
Preloading 0 native plugins for Editor in 0.00 ms.
Mono: successfully reloaded assembly
- Completed reload, in  0.608 seconds
Platform modules already initialized, skipping
Refreshing native plugins compatible for Editor in 0.28 ms, found 0 plugins.
Preloading 0 native plugins for Editor in 0.00 ms.
Unloading 1261 Unused Serialized files (Serialized files now loaded: 0)
System memory in use before: 94.1 MB.
System memory in use after: 94.2 MB.

Unloading 5 unused Assets to reduce memory usage. Loaded Objects now: 1828.
Total: 1.597500 ms (FindLiveObjects: 0.180900 ms CreateObjectMapping: 0.029400 ms MarkObjects: 1.371700 ms  DeleteObjects: 0.014500 ms)

========================================================================
Received Import Request.
  Time since last request: 2164.201821 seconds.
  path: Assets/Scripts/AI Scripts/Enemy.cs
  artifactKey: Guid(545fda987300fa846b0d00d1fbbaed5d) Importer(815301076,1909f56bfc062723c751e8b465ee728b)
Start importing Assets/Scripts/AI Scripts/Enemy.cs using Guid(545fda987300fa846b0d00d1fbbaed5d) Importer(815301076,1909f56bfc062723c751e8b465ee728b)  -> (artifact id: 'd376bf00291e86cd61f0545260774b49') in 0.007841 seconds
  Import took 0.010320 seconds .

========================================================================
Received Prepare
Registering precompiled user dll's ...
Registered in 0.000419 seconds.
Begin MonoManager ReloadAssembly
Native extension for WindowsStandalone target not found
Refreshing native plugins compatible for Editor in 0.25 ms, found 0 plugins.
Preloading 0 native plugins for Editor in 0.00 ms.
Mono: successfully reloaded assembly
- Completed reload, in  0.610 seconds
Platform modules already initialized, skipping
Refreshing native plugins compatible for Editor in 0.26 ms, found 0 plugins.
Preloading 0 native plugins for Editor in 0.00 ms.
Unloading 1262 Unused Serialized files (Serialized files now loaded: 0)
System memory in use before: 94.1 MB.
System memory in use after: 94.2 MB.

Unloading 5 unused Assets to reduce memory usage. Loaded Objects now: 1832.
Total: 1.772300 ms (FindLiveObjects: 0.296600 ms CreateObjectMapping: 0.027900 ms MarkObjects: 1.432900 ms  DeleteObjects: 0.014100 ms)

========================================================================
Received Import Request.
  Time since last request: 208.891742 seconds.
  path: Assets/Scripts/AI Scripts/Enemy.cs
  artifactKey: Guid(545fda987300fa846b0d00d1fbbaed5d) Importer(815301076,1909f56bfc062723c751e8b465ee728b)
Start importing Assets/Scripts/AI Scripts/Enemy.cs using Guid(545fda987300fa846b0d00d1fbbaed5d) Importer(815301076,1909f56bfc062723c751e8b465ee728b)  -> (artifact id: '7c6d99e5631dbceab60a2d287083fcbb') in 0.004259 seconds
  Import took 0.006410 seconds .

========================================================================
Received Prepare
Registering precompiled user dll's ...
Registered in 0.000522 seconds.
Begin MonoManager ReloadAssembly
Native extension for WindowsStandalone target not found
Refreshing native plugins compatible for Editor in 0.27 ms, found 0 plugins.
Preloading 0 native plugins for Editor in 0.00 ms.
Mono: successfully reloaded assembly
- Completed reload, in  0.619 seconds
Platform modules already initialized, skipping
Refreshing native plugins compatible for Editor in 0.26 ms, found 0 plugins.
Preloading 0 native plugins for Editor in 0.00 ms.
Unloading 1261 Unused Serialized files (Serialized files now loaded: 0)
System memory in use before: 94.1 MB.
System memory in use after: 94.2 MB.

Unloading 6 unused Assets to reduce memory usage. Loaded Objects now: 1834.
Total: 1.625100 ms (FindLiveObjects: 0.175500 ms CreateObjectMapping: 0.028500 ms MarkObjects: 1.408000 ms  DeleteObjects: 0.012400 ms)

========================================================================
Received Import Request.
  Time since last request: 180.948299 seconds.
  path: Assets/test
  artifactKey: Guid(ef1c9a7f75ebee348aa17ccedac220c9) Importer(815301076,1909f56bfc062723c751e8b465ee728b)
Start importing Assets/test using Guid(ef1c9a7f75ebee348aa17ccedac220c9) Importer(815301076,1909f56bfc062723c751e8b465ee728b)  -> (artifact id: '9a3e26a5e6faea1fe8084463f96007e4') in 0.007860 seconds
  Import took 0.010656 seconds .

========================================================================
Received Import Request.
  Time since last request: 0.000368 seconds.
  path: Assets/test
  artifactKey: Guid(ef1c9a7f75ebee348aa17ccedac220c9) Importer(815301076,1909f56bfc062723c751e8b465ee728b)
Start importing Assets/test using Guid(ef1c9a7f75ebee348aa17ccedac220c9) Importer(815301076,1909f56bfc062723c751e8b465ee728b)  -> (artifact id: '9a3e26a5e6faea1fe8084463f96007e4') in 0.001624 seconds
  Import took 0.003063 seconds .

========================================================================
Received Import Request.
  Time since last request: 0.096873 seconds.
  path: Assets/test/NavMesh.asset
  artifactKey: Guid(9450c667f1026d8418d4a00001b91cf8) Importer(815301076,1909f56bfc062723c751e8b465ee728b)
Start importing Assets/test/NavMesh.asset using Guid(9450c667f1026d8418d4a00001b91cf8) Importer(815301076,1909f56bfc062723c751e8b465ee728b)  -> (artifact id: '9c71e5460a5f1fcdb2a4f325e1c9b12d') in 0.013361 seconds
  Import took 0.015535 seconds .

========================================================================
Received Import Request.
  Time since last request: 40.797780 seconds.
  path: Assets/Supercyan Character Pack Zombie Sample/Materials/High Quality
  artifactKey: Guid(d621da3be77957a499b15680213f77c0) Importer(815301076,1909f56bfc062723c751e8b465ee728b)
Start importing Assets/Supercyan Character Pack Zombie Sample/Materials/High Quality using Guid(d621da3be77957a499b15680213f77c0) Importer(815301076,1909f56bfc062723c751e8b465ee728b)  -> (artifact id: 'cd92faf8e0afeb1f140fe3635445ed6a') in 0.022622 seconds
  Import took 0.025018 seconds .

========================================================================
Received Import Request.
  Time since last request: 7.594770 seconds.
  path: Assets/Supercyan Character Pack Zombie Sample/Prefabs/Base/High Quality
  artifactKey: Guid(0781965ec0a570641b87b1951d472fcb) Importer(815301076,1909f56bfc062723c751e8b465ee728b)
Start importing Assets/Supercyan Character Pack Zombie Sample/Prefabs/Base/High Quality using Guid(0781965ec0a570641b87b1951d472fcb) Importer(815301076,1909f56bfc062723c751e8b465ee728b)  -> (artifact id: '62aba7a81b653074347b0e1cb5ec73d6') in 0.002018 seconds
  Import took 0.004453 seconds .

========================================================================
Received Import Request.
  Time since last request: 0.062355 seconds.
  path: Assets/Supercyan Character Pack Zombie Sample/Prefabs/Base/High Quality/FreeZombie.prefab
  artifactKey: Guid(0c74bed2ad49fad4d94fca86441ad49f) Importer(815301076,1909f56bfc062723c751e8b465ee728b)
Start importing Assets/Supercyan Character Pack Zombie Sample/Prefabs/Base/High Quality/FreeZombie.prefab using Guid(0c74bed2ad49fad4d94fca86441ad49f) Importer(815301076,1909f56bfc062723c751e8b465ee728b)  -> (artifact id: '281f155879362efe3d8d0f9d2530207b') in 0.097410 seconds
  Import took 0.099711 seconds .

========================================================================
Received Prepare
Registering precompiled user dll's ...
Registered in 0.000392 seconds.
Begin MonoManager ReloadAssembly
Native extension for WindowsStandalone target not found
Refreshing native plugins compatible for Editor in 0.26 ms, found 0 plugins.
Preloading 0 native plugins for Editor in 0.00 ms.
Mono: successfully reloaded assembly
- Completed reload, in  0.614 seconds
Platform modules already initialized, skipping
Refreshing native plugins compatible for Editor in 0.25 ms, found 0 plugins.
Preloading 0 native plugins for Editor in 0.00 ms.
Unloading 1261 Unused Serialized files (Serialized files now loaded: 0)
System memory in use before: 94.1 MB.
System memory in use after: 94.2 MB.

Unloading 5 unused Assets to reduce memory usage. Loaded Objects now: 1838.
Total: 1.682800 ms (FindLiveObjects: 0.203800 ms CreateObjectMapping: 0.028100 ms MarkObjects: 1.435400 ms  DeleteObjects: 0.014200 ms)

========================================================================
Received Prepare
Registering precompiled user dll's ...
Registered in 0.000448 seconds.
Begin MonoManager ReloadAssembly
Native extension for WindowsStandalone target not found
Refreshing native plugins compatible for Editor in 0.25 ms, found 0 plugins.
Preloading 0 native plugins for Editor in 0.00 ms.
Mono: successfully reloaded assembly
- Completed reload, in  0.622 seconds
Platform modules already initialized, skipping
Refreshing native plugins compatible for Editor in 0.25 ms, found 0 plugins.
Preloading 0 native plugins for Editor in 0.00 ms.
Unloading 1261 Unused Serialized files (Serialized files now loaded: 0)
System memory in use before: 94.1 MB.
System memory in use after: 94.3 MB.

Unloading 5 unused Assets to reduce memory usage. Loaded Objects now: 1841.
Total: 1.648800 ms (FindLiveObjects: 0.246500 ms CreateObjectMapping: 0.028900 ms MarkObjects: 1.360300 ms  DeleteObjects: 0.012100 ms)

AssetImportWorkerClient::OnTransportError - code=2 error=End of file
